Using pre-set license
Built from '2020.3/staging' branch; Version is '2020.3.25f1 (9b9180224418) revision 10195328'; Using compiler version '192528614'; Build Type 'Release'
OS: 'Windows 10  (10.0.19044) 64bit Professional' Language: 'ko' Physical Memory: 16265 MB
BatchMode: 1, IsHumanControllingUs: 0, StartBugReporterOnCrash: 0, Is64bit: 1, IsPro: 0

COMMAND LINE ARGUMENTS:
C:\Program Files\Unity\Hub\Editor\2020.3.25f1\Editor\Unity.exe
-adb2
-batchMode
-noUpm
-name
AssetImportWorker0
-projectPath
C:/Users/User/Documents/GitHub/UnityLessonProject_Nowon0120/RollADice
-logFile
Logs/AssetImportWorker0.log
-srvPort
51157
Successfully changed project path to: C:/Users/User/Documents/GitHub/UnityLessonProject_Nowon0120/RollADice
C:/Users/User/Documents/GitHub/UnityLessonProject_Nowon0120/RollADice
Using Asset Import Pipeline V2.
Refreshing native plugins compatible for Editor in 21.53 ms, found 2 plugins.
Preloading 0 native plugins for Editor in 0.00 ms.
Initialize engine version: 2020.3.25f1 (9b9180224418)
[Subsystems] Discovering subsystems at path C:/Program Files/Unity/Hub/Editor/2020.3.25f1/Editor/Data/Resources/UnitySubsystems
[Subsystems] Discovering subsystems at path C:/Users/User/Documents/GitHub/UnityLessonProject_Nowon0120/RollADice/Assets
GfxDevice: creating device client; threaded=0
Direct3D:
    Version:  Direct3D 11.0 [level 11.1]
    Renderer: NVIDIA GeForce GTX 1660 SUPER (ID=0x21c4)
    Vendor:   
    VRAM:     5991 MB
    Driver:   30.0.14.9729
Initialize mono
Mono path[0] = 'C:/Program Files/Unity/Hub/Editor/2020.3.25f1/Editor/Data/Managed'
Mono path[1] = 'C:/Program Files/Unity/Hub/Editor/2020.3.25f1/Editor/Data/MonoBleedingEdge/lib/mono/unityjit'
Mono config path = 'C:/Program Files/Unity/Hub/Editor/2020.3.25f1/Editor/Data/MonoBleedingEdge/etc'
Using monoOptions --debugger-agent=transport=dt_socket,embedding=1,server=y,suspend=n,address=127.0.0.1:56852
Begin MonoManager ReloadAssembly
Registering precompiled unity dll's ...
Register platform support module: C:/Program Files/Unity/Hub/Editor/2020.3.25f1/Editor/Data/PlaybackEngines/WindowsStandaloneSupport/UnityEditor.WindowsStandalone.Extensions.dll
Registered in 0.000637 seconds.
Native extension for WindowsStandalone target not found
Refreshing native plugins compatible for Editor in 21.46 ms, found 2 plugins.
Preloading 0 native plugins for Editor in 0.00 ms.
Mono: successfully reloaded assembly
- Completed reload, in  0.374 seconds
Domain Reload Profiling:
	ReloadAssembly (374ms)
		BeginReloadAssembly (31ms)
			ExecutionOrderSort (0ms)
			DisableScriptedObjects (0ms)
			BackupInstance (0ms)
			ReleaseScriptingObjects (0ms)
			CreateAndSetChildDomain (1ms)
		EndReloadAssembly (298ms)
			LoadAssemblies (30ms)
			RebuildTransferFunctionScriptingTraits (0ms)
			SetupTypeCache (98ms)
			ReleaseScriptCaches (0ms)
			RebuildScriptCaches (19ms)
			SetupLoadedEditorAssemblies (114ms)
				LogAssemblyErrors (0ms)
				InitializePlatformSupportModulesInManaged (2ms)
				SetLoadedEditorAssemblies (0ms)
				RefreshPlugins (22ms)
				BeforeProcessingInitializeOnLoad (10ms)
				ProcessInitializeOnLoadAttributes (60ms)
				ProcessInitializeOnLoadMethodAttributes (19ms)
				AfterProcessingInitializeOnLoad (0ms)
				EditorAssembliesLoaded (0ms)
			ExecutionOrderSort2 (0ms)
			AwakeInstancesAfterBackupRestoration (0ms)
Platform modules already initialized, skipping
Registering precompiled user dll's ...
Registered in 0.001463 seconds.
Begin MonoManager ReloadAssembly
Native extension for WindowsStandalone target not found
Refreshing native plugins compatible for Editor in 0.23 ms, found 2 plugins.
Preloading 0 native plugins for Editor in 0.00 ms.
Mono: successfully reloaded assembly
- Completed reload, in  0.590 seconds
Domain Reload Profiling:
	ReloadAssembly (590ms)
		BeginReloadAssembly (87ms)
			ExecutionOrderSort (0ms)
			DisableScriptedObjects (3ms)
			BackupInstance (0ms)
			ReleaseScriptingObjects (0ms)
			CreateAndSetChildDomain (14ms)
		EndReloadAssembly (467ms)
			LoadAssemblies (50ms)
			RebuildTransferFunctionScriptingTraits (0ms)
			SetupTypeCache (160ms)
			ReleaseScriptCaches (0ms)
			RebuildScriptCaches (25ms)
			SetupLoadedEditorAssemblies (181ms)
				LogAssemblyErrors (0ms)
				InitializePlatformSupportModulesInManaged (3ms)
				SetLoadedEditorAssemblies (0ms)
				RefreshPlugins (0ms)
				BeforeProcessingInitializeOnLoad (46ms)
				ProcessInitializeOnLoadAttributes (125ms)
				ProcessInitializeOnLoadMethodAttributes (5ms)
				AfterProcessingInitializeOnLoad (1ms)
				EditorAssembliesLoaded (0ms)
			ExecutionOrderSort2 (0ms)
			AwakeInstancesAfterBackupRestoration (4ms)
Platform modules already initialized, skipping
========================================================================
Worker process is ready to serve import requests
Launched and connected shader compiler UnityShaderCompiler.exe after 0.02 seconds
Refreshing native plugins compatible for Editor in 0.29 ms, found 2 plugins.
Preloading 0 native plugins for Editor in 0.00 ms.
Unloading 1508 Unused Serialized files (Serialized files now loaded: 0)
System memory in use before: 67.7 MB.
System memory in use after: 67.7 MB.

Unloading 19 unused Assets to reduce memory usage. Loaded Objects now: 1941.
Total: 1.802700 ms (FindLiveObjects: 0.101500 ms CreateObjectMapping: 0.027500 ms MarkObjects: 1.621000 ms  DeleteObjects: 0.051800 ms)

AssetImportParameters requested are different than current active one (requested -> active):
  custom:framework-win-MediaFoundation: 216162199b28c13a410421893ffa2e32 -> 
  custom:video-decoder-ogg-theora: a1e56fd34408186e4bbccfd4996cb3dc -> 
  custom:container-muxer-webm: aa71ff27fc2769a1b78a27578f13a17b -> 
  custom:container-demuxer-webm: 4f35f7cbe854078d1ac9338744f61a02 -> 
  custom:container-demuxer-ogg: 62fdf1f143b41e24485cea50d1cbac27 -> 
  custom:video-encoder-webm-vp8: eb34c28f22e8b96e1ab97ce403110664 -> 
  custom:video-decoder-webm-vp8: 9c59270c3fd7afecdb556c50c9e8de78 -> 
  custom:audio-decoder-ogg-vorbis: bf7c407c2cedff20999df2af8eb42d56 -> 
  custom:audio-encoder-webm-vorbis: bf7c407c2cedff20999df2af8eb42d56 -> 
========================================================================
Received Import Request.
  path: Assets/03.Images/Tile_Magic.jpg
  artifactKey: Guid(05e3396a71c176448a85fcf7ff293f58) Importer(815301076,1909f56bfc062723c751e8b465ee728b)
Start importing Assets/03.Images/Tile_Magic.jpg using Guid(05e3396a71c176448a85fcf7ff293f58) Importer(815301076,1909f56bfc062723c751e8b465ee728b)  -> (artifact id: '5ea78f6b2d84a962f7b39cac44ec1b29') in 0.104607 seconds 
  Import took 0.106237 seconds .

========================================================================
Received Import Request.
  Time since last request: 0.000221 seconds.
  path: Assets/03.Images/Tile_Disadvantage.jpg
  artifactKey: Guid(4c25939990f038c4daa82f2e26a345ac) Importer(815301076,1909f56bfc062723c751e8b465ee728b)
Start importing Assets/03.Images/Tile_Disadvantage.jpg using Guid(4c25939990f038c4daa82f2e26a345ac) Importer(815301076,1909f56bfc062723c751e8b465ee728b)  -> (artifact id: '7a19eb5b0f5c90079bcd1c9381e3082d') in 0.010871 seconds 
  Import took 0.012722 seconds .

========================================================================
Received Import Request.
  Time since last request: 0.000247 seconds.
  path: Assets/03.Images/Devil.png
  artifactKey: Guid(1bd4fcbc5dd1f3149a435ecfc9c5e864) Importer(815301076,1909f56bfc062723c751e8b465ee728b)
Start importing Assets/03.Images/Devil.png using Guid(1bd4fcbc5dd1f3149a435ecfc9c5e864) Importer(815301076,1909f56bfc062723c751e8b465ee728b)  -> (artifact id: 'd3a367dd2015bd3aa1ce0ad14f657449') in 0.010587 seconds 
  Import took 0.012474 seconds .

========================================================================
Received Import Request.
  Time since last request: 0.000190 seconds.
  path: Assets/03.Images/Tile_Dummy.jpg
  artifactKey: Guid(f56cfbd35c87f86459b17371de7034bd) Importer(815301076,1909f56bfc062723c751e8b465ee728b)
Start importing Assets/03.Images/Tile_Dummy.jpg using Guid(f56cfbd35c87f86459b17371de7034bd) Importer(815301076,1909f56bfc062723c751e8b465ee728b)  -> (artifact id: 'f0ccef69463b12d834cc1a13d965303c') in 0.008455 seconds 
  Import took 0.010228 seconds .

========================================================================
Received Import Request.
  Time since last request: 0.000198 seconds.
  path: Assets/03.Images/Tile_GoldenDice.jpg
  artifactKey: Guid(596e5a23e3017fa4aa0b772139a1829b) Importer(815301076,1909f56bfc062723c751e8b465ee728b)
Start importing Assets/03.Images/Tile_GoldenDice.jpg using Guid(596e5a23e3017fa4aa0b772139a1829b) Importer(815301076,1909f56bfc062723c751e8b465ee728b)  -> (artifact id: 'c22e90d73d1b5d84168e6cfecd92ffe7') in 0.009591 seconds 
  Import took 0.011457 seconds .

========================================================================
Received Import Request.
  Time since last request: 0.000171 seconds.
  path: Assets/03.Images/Tile_Dice.jpg
  artifactKey: Guid(375c0c4b0f653dc418c604e70414d52d) Importer(815301076,1909f56bfc062723c751e8b465ee728b)
Start importing Assets/03.Images/Tile_Dice.jpg using Guid(375c0c4b0f653dc418c604e70414d52d) Importer(815301076,1909f56bfc062723c751e8b465ee728b)  -> (artifact id: 'd805516e8c8e47f76893466aed7b418b') in 0.009578 seconds 
  Import took 0.011384 seconds .

========================================================================
Received Import Request.
  Time since last request: 0.000172 seconds.
  path: Assets/03.Images/DiceVector.png
  artifactKey: Guid(600d53fe58c46ad47b5738b4375c6846) Importer(815301076,1909f56bfc062723c751e8b465ee728b)
Start importing Assets/03.Images/DiceVector.png using Guid(600d53fe58c46ad47b5738b4375c6846) Importer(815301076,1909f56bfc062723c751e8b465ee728b)  -> (artifact id: '60bed7d92378e80b7797c20fed2695ff') in 0.020340 seconds 
  Import took 0.022423 seconds .

========================================================================
Received Import Request.
  Time since last request: 0.000191 seconds.
  path: Assets/03.Images/Tile_Star.jpg
  artifactKey: Guid(c22de3fc06f34c646be7b683691c6d02) Importer(815301076,1909f56bfc062723c751e8b465ee728b)
Start importing Assets/03.Images/Tile_Star.jpg using Guid(c22de3fc06f34c646be7b683691c6d02) Importer(815301076,1909f56bfc062723c751e8b465ee728b)  -> (artifact id: 'f6b4cd0cd7c3c3c1ef90a301fe72eae4') in 0.009058 seconds 
  Import took 0.010797 seconds .

========================================================================
Received Import Request.
  Time since last request: 0.000130 seconds.
  path: Assets/03.Images/DiceVectorDark.png
  artifactKey: Guid(1372b9f3bf448864aaa2963863884a91) Importer(815301076,1909f56bfc062723c751e8b465ee728b)
Start importing Assets/03.Images/DiceVectorDark.png using Guid(1372b9f3bf448864aaa2963863884a91) Importer(815301076,1909f56bfc062723c751e8b465ee728b)  -> (artifact id: '8fa0535aa3dc7b2e7a0527c76e734218') in 0.071758 seconds 
  Import took 0.073532 seconds .

========================================================================
Received Prepare
Refreshing native plugins compatible for Editor in 1.42 ms, found 2 plugins.
Preloading 0 native plugins for Editor in 0.00 ms.
Unloading 12 Unused Serialized files (Serialized files now loaded: 0)
System memory in use before: 41.2 MB.
System memory in use after: 41.3 MB.

Unloading 12 unused Assets to reduce memory usage. Loaded Objects now: 1953.
Total: 2.043600 ms (FindLiveObjects: 0.094200 ms CreateObjectMapping: 0.029200 ms MarkObjects: 1.911000 ms  DeleteObjects: 0.008300 ms)

AssetImportParameters requested are different than current active one (requested -> active):
  custom:framework-win-MediaFoundation: 216162199b28c13a410421893ffa2e32 -> 
  custom:video-decoder-ogg-theora: a1e56fd34408186e4bbccfd4996cb3dc -> 
  custom:container-muxer-webm: aa71ff27fc2769a1b78a27578f13a17b -> 
  custom:container-demuxer-webm: 4f35f7cbe854078d1ac9338744f61a02 -> 
  custom:container-demuxer-ogg: 62fdf1f143b41e24485cea50d1cbac27 -> 
  custom:video-encoder-webm-vp8: eb34c28f22e8b96e1ab97ce403110664 -> 
  custom:video-decoder-webm-vp8: 9c59270c3fd7afecdb556c50c9e8de78 -> 
  custom:audio-decoder-ogg-vorbis: bf7c407c2cedff20999df2af8eb42d56 -> 
  custom:audio-encoder-webm-vorbis: bf7c407c2cedff20999df2af8eb42d56 -> 
========================================================================
Received Import Request.
  Time since last request: 1039.329613 seconds.
  path: Assets/Images/Slider19_Fusion_Fill.png
  artifactKey: Guid(63f17b1a0b59c4f49bc605873d683c1f) Importer(815301076,1909f56bfc062723c751e8b465ee728b)
Start importing Assets/Images/Slider19_Fusion_Fill.png using Guid(63f17b1a0b59c4f49bc605873d683c1f) Importer(815301076,1909f56bfc062723c751e8b465ee728b)  -> (artifact id: '4c3cc760d22e66772aee3aeddfc56f6e') in 0.009367 seconds 
  Import took 0.011151 seconds .

========================================================================
Received Import Request.
  Time since last request: 0.635035 seconds.
  path: Assets/Images/Frame_ItemFrame02_Color_Green.png
  artifactKey: Guid(96d4d4384de924045abe5d240e8b191a) Importer(815301076,1909f56bfc062723c751e8b465ee728b)
Start importing Assets/Images/Frame_ItemFrame02_Color_Green.png using Guid(96d4d4384de924045abe5d240e8b191a) Importer(815301076,1909f56bfc062723c751e8b465ee728b)  -> (artifact id: '641bde6969a096297010c1bdc68108ef') in 0.011315 seconds 
  Import took 0.013139 seconds .

========================================================================
Received Import Request.
  Time since last request: 119.181209 seconds.
  path: Assets/03.Images/Frame_ItemFrame02_Color_Gay.png
  artifactKey: Guid(267c0f3f80b3248eba5b2ce935fbc434) Importer(815301076,1909f56bfc062723c751e8b465ee728b)
Start importing Assets/03.Images/Frame_ItemFrame02_Color_Gay.png using Guid(267c0f3f80b3248eba5b2ce935fbc434) Importer(815301076,1909f56bfc062723c751e8b465ee728b)  -> (artifact id: 'fabc690d85b24274ad96d65e7f8507cd') in 0.010592 seconds 
  Import took 0.012950 seconds .

========================================================================
Received Import Request.
  Time since last request: 0.000146 seconds.
  path: Assets/03.Images/Icon_Dice_Yellow.Png
  artifactKey: Guid(5f1a1cf0fceba4e0b9e6339dadc0e098) Importer(815301076,1909f56bfc062723c751e8b465ee728b)
Start importing Assets/03.Images/Icon_Dice_Yellow.Png using Guid(5f1a1cf0fceba4e0b9e6339dadc0e098) Importer(815301076,1909f56bfc062723c751e8b465ee728b)  -> (artifact id: '6f0ff44867034d4614ea95327e12c5b8') in 0.028012 seconds 
  Import took 0.029838 seconds .

========================================================================
Received Import Request.
  Time since last request: 0.000270 seconds.
  path: Assets/03.Images/Icon_Dice.Png
  artifactKey: Guid(a396acbd431414d74828333dfff13535) Importer(815301076,1909f56bfc062723c751e8b465ee728b)
Start importing Assets/03.Images/Icon_Dice.Png using Guid(a396acbd431414d74828333dfff13535) Importer(815301076,1909f56bfc062723c751e8b465ee728b)  -> (artifact id: 'fff536052504c73124ce79e5d8298595') in 0.014732 seconds 
  Import took 0.016544 seconds .

========================================================================
Received Import Request.
  Time since last request: 0.000284 seconds.
  path: Assets/03.Images/Frame_ItemFrame02_Color_Yellow.png
  artifactKey: Guid(460f4830064ce4dc8b3534b94a4f636a) Importer(815301076,1909f56bfc062723c751e8b465ee728b)
Start importing Assets/03.Images/Frame_ItemFrame02_Color_Yellow.png using Guid(460f4830064ce4dc8b3534b94a4f636a) Importer(815301076,1909f56bfc062723c751e8b465ee728b)  -> (artifact id: '96ff77992dd8aee1ba9a1facda4d286e') in 0.009951 seconds 
  Import took 0.011632 seconds .

========================================================================
Received Prepare
Registering precompiled user dll's ...
Registered in 0.001408 seconds.
Begin MonoManager ReloadAssembly
Native extension for WindowsStandalone target not found
Refreshing native plugins compatible for Editor in 0.25 ms, found 2 plugins.
Preloading 0 native plugins for Editor in 0.00 ms.
Mono: successfully reloaded assembly
- Completed reload, in  0.587 seconds
Domain Reload Profiling:
	ReloadAssembly (587ms)
		BeginReloadAssembly (83ms)
			ExecutionOrderSort (0ms)
			DisableScriptedObjects (3ms)
			BackupInstance (0ms)
			ReleaseScriptingObjects (0ms)
			CreateAndSetChildDomain (22ms)
		EndReloadAssembly (469ms)
			LoadAssemblies (47ms)
			RebuildTransferFunctionScriptingTraits (0ms)
			SetupTypeCache (164ms)
			ReleaseScriptCaches (1ms)
			RebuildScriptCaches (22ms)
			SetupLoadedEditorAssemblies (177ms)
				LogAssemblyErrors (0ms)
				InitializePlatformSupportModulesInManaged (3ms)
				SetLoadedEditorAssemblies (0ms)
				RefreshPlugins (0ms)
				BeforeProcessingInitializeOnLoad (45ms)
				ProcessInitializeOnLoadAttributes (122ms)
				ProcessInitializeOnLoadMethodAttributes (6ms)
				AfterProcessingInitializeOnLoad (1ms)
				EditorAssembliesLoaded (0ms)
			ExecutionOrderSort2 (0ms)
			AwakeInstancesAfterBackupRestoration (4ms)
Platform modules already initialized, skipping
Refreshing native plugins compatible for Editor in 0.22 ms, found 2 plugins.
Preloading 0 native plugins for Editor in 0.00 ms.
Unloading 1502 Unused Serialized files (Serialized files now loaded: 0)
System memory in use before: 70.6 MB.
System memory in use after: 70.8 MB.

Unloading 14 unused Assets to reduce memory usage. Loaded Objects now: 1959.
Total: 1.737100 ms (FindLiveObjects: 0.089800 ms CreateObjectMapping: 0.030600 ms MarkObjects: 1.604900 ms  DeleteObjects: 0.011200 ms)

AssetImportParameters requested are different than current active one (requested -> active):
  custom:framework-win-MediaFoundation: 216162199b28c13a410421893ffa2e32 -> 
  custom:video-decoder-ogg-theora: a1e56fd34408186e4bbccfd4996cb3dc -> 
  custom:container-muxer-webm: aa71ff27fc2769a1b78a27578f13a17b -> 
  custom:container-demuxer-webm: 4f35f7cbe854078d1ac9338744f61a02 -> 
  custom:container-demuxer-ogg: 62fdf1f143b41e24485cea50d1cbac27 -> 
  custom:video-encoder-webm-vp8: eb34c28f22e8b96e1ab97ce403110664 -> 
  custom:video-decoder-webm-vp8: 9c59270c3fd7afecdb556c50c9e8de78 -> 
  custom:audio-decoder-ogg-vorbis: bf7c407c2cedff20999df2af8eb42d56 -> 
  custom:audio-encoder-webm-vorbis: bf7c407c2cedff20999df2af8eb42d56 -> 
========================================================================
Received Prepare
Registering precompiled user dll's ...
Registered in 0.001186 seconds.
Begin MonoManager ReloadAssembly
Native extension for WindowsStandalone target not found
Refreshing native plugins compatible for Editor in 0.25 ms, found 2 plugins.
Preloading 0 native plugins for Editor in 0.00 ms.
Mono: successfully reloaded assembly
- Completed reload, in  0.588 seconds
Domain Reload Profiling:
	ReloadAssembly (588ms)
		BeginReloadAssembly (72ms)
			ExecutionOrderSort (0ms)
			DisableScriptedObjects (3ms)
			BackupInstance (0ms)
			ReleaseScriptingObjects (0ms)
			CreateAndSetChildDomain (19ms)
		EndReloadAssembly (481ms)
			LoadAssemblies (48ms)
			RebuildTransferFunctionScriptingTraits (0ms)
			SetupTypeCache (182ms)
			ReleaseScriptCaches (1ms)
			RebuildScriptCaches (24ms)
			SetupLoadedEditorAssemblies (166ms)
				LogAssemblyErrors (0ms)
				InitializePlatformSupportModulesInManaged (3ms)
				SetLoadedEditorAssemblies (0ms)
				RefreshPlugins (0ms)
				BeforeProcessingInitializeOnLoad (42ms)
				ProcessInitializeOnLoadAttributes (113ms)
				ProcessInitializeOnLoadMethodAttributes (5ms)
				AfterProcessingInitializeOnLoad (1ms)
				EditorAssembliesLoaded (0ms)
			ExecutionOrderSort2 (0ms)
			AwakeInstancesAfterBackupRestoration (4ms)
Platform modules already initialized, skipping
Refreshing native plugins compatible for Editor in 0.31 ms, found 2 plugins.
Preloading 0 native plugins for Editor in 0.00 ms.
Unloading 1536 Unused Serialized files (Serialized files now loaded: 0)
System memory in use before: 72.7 MB.
System memory in use after: 72.8 MB.

Unloading 14 unused Assets to reduce memory usage. Loaded Objects now: 1995.
Total: 1.761100 ms (FindLiveObjects: 0.094500 ms CreateObjectMapping: 0.031700 ms MarkObjects: 1.623400 ms  DeleteObjects: 0.010800 ms)

AssetImportParameters requested are different than current active one (requested -> active):
  custom:framework-win-MediaFoundation: 216162199b28c13a410421893ffa2e32 -> 
  custom:video-decoder-ogg-theora: a1e56fd34408186e4bbccfd4996cb3dc -> 
  custom:container-muxer-webm: aa71ff27fc2769a1b78a27578f13a17b -> 
  custom:container-demuxer-webm: 4f35f7cbe854078d1ac9338744f61a02 -> 
  custom:container-demuxer-ogg: 62fdf1f143b41e24485cea50d1cbac27 -> 
  custom:video-encoder-webm-vp8: eb34c28f22e8b96e1ab97ce403110664 -> 
  custom:video-decoder-webm-vp8: 9c59270c3fd7afecdb556c50c9e8de78 -> 
  custom:audio-decoder-ogg-vorbis: bf7c407c2cedff20999df2af8eb42d56 -> 
  custom:audio-encoder-webm-vorbis: bf7c407c2cedff20999df2af8eb42d56 -> 
========================================================================
Received Import Request.
  Time since last request: 1345.502761 seconds.
  path: Assets/03.Images/DiceVector.png
  artifactKey: Guid(600d53fe58c46ad47b5738b4375c6846) Importer(815301076,1909f56bfc062723c751e8b465ee728b)
Start importing Assets/03.Images/DiceVector.png using Guid(600d53fe58c46ad47b5738b4375c6846) Importer(815301076,1909f56bfc062723c751e8b465ee728b)  -> (artifact id: '66e4e35c618d39b2f7178740e181bea8') in 0.029181 seconds 
  Import took 0.031301 seconds .

========================================================================
Received Import Request.
  Time since last request: 316.270586 seconds.
  path: Assets/03.Images/DiceVector.png
  artifactKey: Guid(600d53fe58c46ad47b5738b4375c6846) Importer(815301076,1909f56bfc062723c751e8b465ee728b)
Start importing Assets/03.Images/DiceVector.png using Guid(600d53fe58c46ad47b5738b4375c6846) Importer(815301076,1909f56bfc062723c751e8b465ee728b)  -> (artifact id: '72dee75c204a0557d614c0b84d905062') in 0.073632 seconds 
  Import took 0.075803 seconds .

========================================================================
Received Import Request.
  Time since last request: 249.288990 seconds.
  path: Assets/02.Script/DiceAnimationUI.cs
  artifactKey: Guid(51eebb6549b5abd46b80dbb2bfb963f1) Importer(815301076,1909f56bfc062723c751e8b465ee728b)
Start importing Assets/02.Script/DiceAnimationUI.cs using Guid(51eebb6549b5abd46b80dbb2bfb963f1) Importer(815301076,1909f56bfc062723c751e8b465ee728b)  -> (artifact id: 'fcb5825e5d07787d4219434e36677481') in 0.004660 seconds 
  Import took 0.006713 seconds .

========================================================================
Received Prepare
Registering precompiled user dll's ...
Registered in 0.001367 seconds.
Begin MonoManager ReloadAssembly
Native extension for WindowsStandalone target not found
Refreshing native plugins compatible for Editor in 0.25 ms, found 2 plugins.
Preloading 0 native plugins for Editor in 0.00 ms.
Mono: successfully reloaded assembly
- Completed reload, in  0.587 seconds
Domain Reload Profiling:
	ReloadAssembly (587ms)
		BeginReloadAssembly (77ms)
			ExecutionOrderSort (0ms)
			DisableScriptedObjects (2ms)
			BackupInstance (0ms)
			ReleaseScriptingObjects (0ms)
			CreateAndSetChildDomain (23ms)
		EndReloadAssembly (472ms)
			LoadAssemblies (49ms)
			RebuildTransferFunctionScriptingTraits (0ms)
			SetupTypeCache (167ms)
			ReleaseScriptCaches (1ms)
			RebuildScriptCaches (22ms)
			SetupLoadedEditorAssemblies (175ms)
				LogAssemblyErrors (0ms)
				InitializePlatformSupportModulesInManaged (3ms)
				SetLoadedEditorAssemblies (0ms)
				RefreshPlugins (0ms)
				BeforeProcessingInitializeOnLoad (43ms)
				ProcessInitializeOnLoadAttributes (121ms)
				ProcessInitializeOnLoadMethodAttributes (6ms)
				AfterProcessingInitializeOnLoad (1ms)
				EditorAssembliesLoaded (0ms)
			ExecutionOrderSort2 (0ms)
			AwakeInstancesAfterBackupRestoration (4ms)
Platform modules already initialized, skipping
Refreshing native plugins compatible for Editor in 0.25 ms, found 2 plugins.
Preloading 0 native plugins for Editor in 0.00 ms.
Unloading 1537 Unused Serialized files (Serialized files now loaded: 0)
System memory in use before: 72.8 MB.
System memory in use after: 72.9 MB.

Unloading 14 unused Assets to reduce memory usage. Loaded Objects now: 2001.
Total: 1.949600 ms (FindLiveObjects: 0.151800 ms CreateObjectMapping: 0.032900 ms MarkObjects: 1.751100 ms  DeleteObjects: 0.012900 ms)

AssetImportParameters requested are different than current active one (requested -> active):
  custom:framework-win-MediaFoundation: 216162199b28c13a410421893ffa2e32 -> 
  custom:video-decoder-ogg-theora: a1e56fd34408186e4bbccfd4996cb3dc -> 
  custom:container-muxer-webm: aa71ff27fc2769a1b78a27578f13a17b -> 
  custom:container-demuxer-webm: 4f35f7cbe854078d1ac9338744f61a02 -> 
  custom:container-demuxer-ogg: 62fdf1f143b41e24485cea50d1cbac27 -> 
  custom:video-encoder-webm-vp8: eb34c28f22e8b96e1ab97ce403110664 -> 
  custom:video-decoder-webm-vp8: 9c59270c3fd7afecdb556c50c9e8de78 -> 
  custom:audio-decoder-ogg-vorbis: bf7c407c2cedff20999df2af8eb42d56 -> 
  custom:audio-encoder-webm-vorbis: bf7c407c2cedff20999df2af8eb42d56 -> 
========================================================================
Received Import Request.
  Time since last request: 140.667328 seconds.
  path: Assets/02.Script/DiceAnimationUI.cs
  artifactKey: Guid(51eebb6549b5abd46b80dbb2bfb963f1) Importer(815301076,1909f56bfc062723c751e8b465ee728b)
Start importing Assets/02.Script/DiceAnimationUI.cs using Guid(51eebb6549b5abd46b80dbb2bfb963f1) Importer(815301076,1909f56bfc062723c751e8b465ee728b)  -> (artifact id: '0aeaca2e7299ff58b1917a8179c2e9ad') in 0.005492 seconds 
  Import took 0.008406 seconds .

========================================================================
Received Import Request.
  Time since last request: 222.629538 seconds.
  path: Assets/Resources
  artifactKey: Guid(e86e26d44e2e78242a22619aaf257bff) Importer(815301076,1909f56bfc062723c751e8b465ee728b)
Start importing Assets/Resources using Guid(e86e26d44e2e78242a22619aaf257bff) Importer(815301076,1909f56bfc062723c751e8b465ee728b)  -> (artifact id: 'b0e435d6f0e7d5481ab1b797c9806ba4') in 0.001358 seconds 
  Import took 0.003295 seconds .

========================================================================
Received Import Request.
  Time since last request: 23.493033 seconds.
  path: Assets/Resources/New Folder
  artifactKey: Guid(7fbea9b2bbf73ee45b743002c3554138) Importer(815301076,1909f56bfc062723c751e8b465ee728b)
Start importing Assets/Resources/New Folder using Guid(7fbea9b2bbf73ee45b743002c3554138) Importer(815301076,1909f56bfc062723c751e8b465ee728b)  -> (artifact id: 'c8e4278d53418c237c2ac77233785096') in 0.001098 seconds 
  Import took 0.002913 seconds .

========================================================================
Received Import Request.
  Time since last request: 10.931940 seconds.
  path: Assets/03.Images/DiceVectorDark 1.png
  artifactKey: Guid(5bd8ed9e713d5f541a6f5d725a267b90) Importer(815301076,1909f56bfc062723c751e8b465ee728b)
Start importing Assets/03.Images/DiceVectorDark 1.png using Guid(5bd8ed9e713d5f541a6f5d725a267b90) Importer(815301076,1909f56bfc062723c751e8b465ee728b)  -> (artifact id: '399de465e7f2c3a58a96667581be54d8') in 0.108879 seconds 
  Import took 0.110738 seconds .

========================================================================
Received Import Request.
  Time since last request: 15.535727 seconds.
  path: Assets/Resources/DiceImages.png
  artifactKey: Guid(5bd8ed9e713d5f541a6f5d725a267b90) Importer(815301076,1909f56bfc062723c751e8b465ee728b)
Start importing Assets/Resources/DiceImages.png using Guid(5bd8ed9e713d5f541a6f5d725a267b90) Importer(815301076,1909f56bfc062723c751e8b465ee728b)  -> (artifact id: 'f8adeebc7c66a21f2f01aff3c2d7262c') in 0.058484 seconds 
  Import took 0.060915 seconds .

========================================================================
Received Prepare
Registering precompiled user dll's ...
Registered in 0.001233 seconds.
Begin MonoManager ReloadAssembly
Native extension for WindowsStandalone target not found
Refreshing native plugins compatible for Editor in 0.25 ms, found 2 plugins.
Preloading 0 native plugins for Editor in 0.00 ms.
Mono: successfully reloaded assembly
- Completed reload, in  0.609 seconds
Domain Reload Profiling:
	ReloadAssembly (609ms)
		BeginReloadAssembly (69ms)
			ExecutionOrderSort (0ms)
			DisableScriptedObjects (3ms)
			BackupInstance (0ms)
			ReleaseScriptingObjects (0ms)
			CreateAndSetChildDomain (20ms)
		EndReloadAssembly (505ms)
			LoadAssemblies (47ms)
			RebuildTransferFunctionScriptingTraits (0ms)
			SetupTypeCache (159ms)
			ReleaseScriptCaches (1ms)
			RebuildScriptCaches (22ms)
			SetupLoadedEditorAssemblies (189ms)
				LogAssemblyErrors (0ms)
				InitializePlatformSupportModulesInManaged (3ms)
				SetLoadedEditorAssemblies (0ms)
				RefreshPlugins (0ms)
				BeforeProcessingInitializeOnLoad (42ms)
				ProcessInitializeOnLoadAttributes (136ms)
				ProcessInitializeOnLoadMethodAttributes (5ms)
				AfterProcessingInitializeOnLoad (2ms)
				EditorAssembliesLoaded (0ms)
			ExecutionOrderSort2 (0ms)
			AwakeInstancesAfterBackupRestoration (4ms)
Platform modules already initialized, skipping
Refreshing native plugins compatible for Editor in 0.24 ms, found 2 plugins.
Preloading 0 native plugins for Editor in 0.00 ms.
Unloading 1537 Unused Serialized files (Serialized files now loaded: 0)
System memory in use before: 72.8 MB.
System memory in use after: 72.9 MB.

Unloading 14 unused Assets to reduce memory usage. Loaded Objects now: 2004.
Total: 1.736100 ms (FindLiveObjects: 0.110100 ms CreateObjectMapping: 0.033200 ms MarkObjects: 1.580000 ms  DeleteObjects: 0.012100 ms)

AssetImportParameters requested are different than current active one (requested -> active):
  custom:framework-win-MediaFoundation: 216162199b28c13a410421893ffa2e32 -> 
  custom:video-decoder-ogg-theora: a1e56fd34408186e4bbccfd4996cb3dc -> 
  custom:container-muxer-webm: aa71ff27fc2769a1b78a27578f13a17b -> 
  custom:container-demuxer-webm: 4f35f7cbe854078d1ac9338744f61a02 -> 
  custom:container-demuxer-ogg: 62fdf1f143b41e24485cea50d1cbac27 -> 
  custom:video-encoder-webm-vp8: eb34c28f22e8b96e1ab97ce403110664 -> 
  custom:video-decoder-webm-vp8: 9c59270c3fd7afecdb556c50c9e8de78 -> 
  custom:audio-decoder-ogg-vorbis: bf7c407c2cedff20999df2af8eb42d56 -> 
  custom:audio-encoder-webm-vorbis: bf7c407c2cedff20999df2af8eb42d56 -> 
========================================================================
Received Prepare
Registering precompiled user dll's ...
Registered in 0.001365 seconds.
Begin MonoManager ReloadAssembly
Native extension for WindowsStandalone target not found
Refreshing native plugins compatible for Editor in 0.25 ms, found 2 plugins.
Preloading 0 native plugins for Editor in 0.00 ms.
Mono: successfully reloaded assembly
- Completed reload, in  0.624 seconds
Domain Reload Profiling:
	ReloadAssembly (625ms)
		BeginReloadAssembly (73ms)
			ExecutionOrderSort (0ms)
			DisableScriptedObjects (3ms)
			BackupInstance (0ms)
			ReleaseScriptingObjects (0ms)
			CreateAndSetChildDomain (20ms)
		EndReloadAssembly (515ms)
			LoadAssemblies (49ms)
			RebuildTransferFunctionScriptingTraits (0ms)
			SetupTypeCache (187ms)
			ReleaseScriptCaches (1ms)
			RebuildScriptCaches (23ms)
			SetupLoadedEditorAssemblies (195ms)
				LogAssemblyErrors (0ms)
				InitializePlatformSupportModulesInManaged (3ms)
				SetLoadedEditorAssemblies (0ms)
				RefreshPlugins (0ms)
				BeforeProcessingInitializeOnLoad (44ms)
				ProcessInitializeOnLoadAttributes (140ms)
				ProcessInitializeOnLoadMethodAttributes (6ms)
				AfterProcessingInitializeOnLoad (1ms)
				EditorAssembliesLoaded (0ms)
			ExecutionOrderSort2 (0ms)
			AwakeInstancesAfterBackupRestoration (4ms)
Platform modules already initialized, skipping
Refreshing native plugins compatible for Editor in 0.25 ms, found 2 plugins.
Preloading 0 native plugins for Editor in 0.00 ms.
Unloading 1537 Unused Serialized files (Serialized files now loaded: 0)
System memory in use before: 72.8 MB.
System memory in use after: 72.9 MB.

Unloading 14 unused Assets to reduce memory usage. Loaded Objects now: 2006.
Total: 1.811600 ms (FindLiveObjects: 0.097100 ms CreateObjectMapping: 0.030900 ms MarkObjects: 1.671400 ms  DeleteObjects: 0.011400 ms)

AssetImportParameters requested are different than current active one (requested -> active):
  custom:framework-win-MediaFoundation: 216162199b28c13a410421893ffa2e32 -> 
  custom:video-decoder-ogg-theora: a1e56fd34408186e4bbccfd4996cb3dc -> 
  custom:container-muxer-webm: aa71ff27fc2769a1b78a27578f13a17b -> 
  custom:container-demuxer-webm: 4f35f7cbe854078d1ac9338744f61a02 -> 
  custom:container-demuxer-ogg: 62fdf1f143b41e24485cea50d1cbac27 -> 
  custom:video-encoder-webm-vp8: eb34c28f22e8b96e1ab97ce403110664 -> 
  custom:video-decoder-webm-vp8: 9c59270c3fd7afecdb556c50c9e8de78 -> 
  custom:audio-decoder-ogg-vorbis: bf7c407c2cedff20999df2af8eb42d56 -> 
  custom:audio-encoder-webm-vorbis: bf7c407c2cedff20999df2af8eb42d56 -> 
AssetImportWorkerClient::OnTransportError - code=2 error=End of file
